TN:
SF:src\app.module.ts
FN:37,(anonymous_1)
FNF:1
FNH:0
FNDA:0,(anonymous_1)
DA:1,0
DA:2,0
DA:3,0
DA:4,0
DA:6,0
DA:7,0
DA:8,0
DA:9,0
DA:10,0
DA:11,0
DA:12,0
DA:13,0
DA:16,0
DA:17,0
DA:18,0
DA:19,0
DA:20,0
DA:21,0
DA:22,0
DA:23,0
DA:24,0
DA:25,0
DA:37,0
DA:70,0
LF:24
LH:0
BRF:0
BRH:0
end_of_record
TN:
SF:src\main.ts
FN:6,bootstrap
FNF:1
FNH:0
FNDA:0,bootstrap
DA:1,0
DA:2,0
DA:3,0
DA:4,0
DA:7,0
DA:9,0
DA:14,0
DA:16,0
DA:24,0
DA:31,0
DA:32,0
DA:34,0
DA:35,0
DA:36,0
DA:37,0
DA:39,0
LF:16
LH:0
BRDA:34,0,0,0
BRDA:34,0,1,0
BRF:2
BRH:0
end_of_record
TN:
SF:src\ai\ai.module.ts
FNF:0
FNH:0
DA:1,0
DA:2,0
DA:3,0
DA:10,0
LF:4
LH:0
BRF:0
BRH:0
end_of_record
TN:
SF:src\ai\ai.service.ts
FN:13,(anonymous_2)
FN:23,(anonymous_3)
FN:48,(anonymous_4)
FN:67,(anonymous_5)
FN:82,(anonymous_6)
FN:91,(anonymous_7)
FN:155,(anonymous_8)
FN:171,(anonymous_9)
FN:176,(anonymous_10)
FN:235,(anonymous_11)
FN:262,(anonymous_12)
FN:302,(anonymous_13)
FN:318,(anonymous_14)
FN:344,(anonymous_15)
FN:362,(anonymous_16)
FN:365,(anonymous_17)
FNF:16
FNH:0
FNDA:0,(anonymous_2)
FNDA:0,(anonymous_3)
FNDA:0,(anonymous_4)
FNDA:0,(anonymous_5)
FNDA:0,(anonymous_6)
FNDA:0,(anonymous_7)
FNDA:0,(anonymous_8)
FNDA:0,(anonymous_9)
FNDA:0,(anonymous_10)
FNDA:0,(anonymous_11)
FNDA:0,(anonymous_12)
FNDA:0,(anonymous_13)
FNDA:0,(anonymous_14)
FNDA:0,(anonymous_15)
FNDA:0,(anonymous_16)
FNDA:0,(anonymous_17)
DA:1,4
DA:2,4
DA:8,4
DA:9,0
DA:13,0
DA:14,0
DA:15,0
DA:16,0
DA:17,0
DA:19,0
DA:27,0
DA:28,0
DA:31,0
DA:32,0
DA:48,0
DA:56,0
DA:57,0
DA:60,0
DA:61,0
DA:63,0
DA:64,0
DA:66,0
DA:67,0
DA:68,0
DA:69,0
DA:70,0
DA:71,0
DA:73,0
DA:78,0
DA:82,0
DA:84,0
DA:86,0
DA:87,0
DA:92,0
DA:93,0
DA:94,0
DA:96,0
DA:97,0
DA:98,0
DA:100,0
DA:101,0
DA:102,0
DA:103,0
DA:106,0
DA:107,0
DA:108,0
DA:109,0
DA:112,0
DA:113,0
DA:114,0
DA:115,0
DA:118,0
DA:119,0
DA:120,0
DA:121,0
DA:124,0
DA:125,0
DA:126,0
DA:127,0
DA:131,0
DA:132,0
DA:133,0
DA:136,0
DA:137,0
DA:138,0
DA:139,0
DA:140,0
DA:141,0
DA:143,0
DA:146,0
DA:151,0
DA:155,0
DA:157,0
DA:158,0
DA:159,0
DA:160,0
DA:161,0
DA:162,0
DA:167,0
DA:171,0
DA:173,0
DA:185,0
DA:186,0
DA:189,0
DA:190,0
DA:223,0
DA:224,0
DA:227,0
DA:228,0
DA:230,0
DA:231,0
DA:236,0
DA:238,0
DA:239,0
DA:241,0
DA:242,0
DA:247,0
DA:248,0
DA:254,0
DA:266,0
DA:267,0
DA:270,0
DA:271,0
DA:293,0
DA:294,0
DA:297,0
DA:298,0
DA:300,0
DA:301,0
DA:302,0
DA:303,0
DA:304,0
DA:311,0
DA:313,0
DA:314,0
DA:319,0
DA:320,0
DA:322,0
DA:323,0
DA:325,0
DA:326,0
DA:328,0
DA:329,0
DA:330,0
DA:332,0
DA:335,0
DA:336,0
DA:337,0
DA:339,0
DA:340,0
DA:343,0
DA:344,0
DA:345,0
DA:346,0
DA:347,0
DA:349,0
DA:350,0
DA:353,0
DA:355,0
DA:362,0
DA:372,0
DA:373,0
DA:374,0
DA:377,0
DA:378,0
DA:380,0
DA:381,0
DA:382,0
DA:383,0
DA:388,0
DA:389,0
DA:390,0
DA:399,0
LF:153
LH:3
BRDA:15,0,0,0
BRDA:15,0,1,0
BRDA:15,0,2,0
BRDA:16,1,0,0
BRDA:16,1,1,0
BRDA:27,2,0,0
BRDA:56,3,0,0
BRDA:66,4,0,0
BRDA:66,4,1,0
BRDA:68,5,0,0
BRDA:70,6,0,0
BRDA:70,6,1,0
BRDA:70,7,0,0
BRDA:70,7,1,0
BRDA:82,8,0,0
BRDA:82,8,1,0
BRDA:100,9,0,0
BRDA:100,10,0,0
BRDA:100,10,1,0
BRDA:100,10,2,0
BRDA:100,10,3,0
BRDA:100,10,4,0
BRDA:101,11,0,0
BRDA:101,12,0,0
BRDA:101,12,1,0
BRDA:102,13,0,0
BRDA:102,13,1,0
BRDA:106,14,0,0
BRDA:106,15,0,0
BRDA:106,15,1,0
BRDA:106,15,2,0
BRDA:106,15,3,0
BRDA:107,16,0,0
BRDA:107,17,0,0
BRDA:107,17,1,0
BRDA:112,18,0,0
BRDA:112,19,0,0
BRDA:112,19,1,0
BRDA:112,19,2,0
BRDA:112,19,3,0
BRDA:113,20,0,0
BRDA:113,21,0,0
BRDA:113,21,1,0
BRDA:114,22,0,0
BRDA:114,22,1,0
BRDA:118,23,0,0
BRDA:118,24,0,0
BRDA:118,24,1,0
BRDA:118,24,2,0
BRDA:118,24,3,0
BRDA:118,24,4,0
BRDA:119,25,0,0
BRDA:120,26,0,0
BRDA:120,26,1,0
BRDA:124,27,0,0
BRDA:124,28,0,0
BRDA:124,28,1,0
BRDA:124,28,2,0
BRDA:124,28,3,0
BRDA:125,29,0,0
BRDA:125,30,0,0
BRDA:125,30,1,0
BRDA:131,31,0,0
BRDA:131,32,0,0
BRDA:131,32,1,0
BRDA:131,32,2,0
BRDA:136,33,0,0
BRDA:138,34,0,0
BRDA:138,34,1,0
BRDA:140,35,0,0
BRDA:140,35,1,0
BRDA:155,36,0,0
BRDA:155,36,1,0
BRDA:157,37,0,0
BRDA:171,38,0,0
BRDA:171,38,1,0
BRDA:185,39,0,0
BRDA:213,40,0,0
BRDA:213,40,1,0
BRDA:223,41,0,0
BRDA:238,42,0,0
BRDA:238,42,1,0
BRDA:238,42,2,0
BRDA:238,42,3,0
BRDA:238,42,4,0
BRDA:238,42,5,0
BRDA:239,43,0,0
BRDA:239,43,1,0
BRDA:239,43,2,0
BRDA:239,43,3,0
BRDA:239,43,4,0
BRDA:239,43,5,0
BRDA:241,44,0,0
BRDA:241,44,1,0
BRDA:247,45,0,0
BRDA:247,45,1,0
BRDA:255,46,0,0
BRDA:255,46,1,0
BRDA:255,47,0,0
BRDA:255,47,1,0
BRDA:266,48,0,0
BRDA:293,49,0,0
BRDA:301,50,0,0
BRDA:301,50,1,0
BRDA:303,51,0,0
BRDA:320,52,0,0
BRDA:320,52,1,0
BRDA:323,53,0,0
BRDA:323,54,0,0
BRDA:323,54,1,0
BRDA:328,55,0,0
BRDA:328,55,1,0
BRDA:335,56,0,0
BRDA:335,56,1,0
BRDA:343,57,0,0
BRDA:343,57,1,0
BRDA:345,58,0,0
BRDA:345,58,1,0
BRDA:374,59,0,0
BRDA:374,59,1,0
BRDA:381,60,0,0
BRDA:381,60,1,0
BRDA:382,61,0,0
BRDA:382,61,1,0
BRDA:382,62,0,0
BRDA:382,62,1,0
BRDA:382,62,2,0
BRDA:388,63,0,0
BRDA:389,64,0,0
BRDA:389,64,1,0
BRF:130
BRH:0
end_of_record
TN:
SF:src\analytics\analytics.controller.ts
FN:14,(anonymous_2)
FN:18,(anonymous_3)
FN:24,(anonymous_4)
FNF:3
FNH:3
FNDA:3,(anonymous_2)
FNDA:1,(anonymous_3)
FNDA:1,(anonymous_4)
DA:1,1
DA:2,1
DA:3,1
DA:4,1
DA:5,1
DA:6,1
DA:13,1
DA:14,3
DA:18,1
DA:19,1
DA:24,1
DA:25,1
LF:12
LH:12
BRF:0
BRH:0
end_of_record
TN:
SF:src\analytics\analytics.module.ts
FNF:0
FNH:0
DA:1,0
DA:2,0
DA:3,0
DA:4,0
DA:5,0
DA:6,0
DA:7,0
DA:8,0
DA:9,0
DA:20,0
LF:10
LH:0
BRF:0
BRH:0
end_of_record
TN:
SF:src\analytics\analytics.service.ts
FN:17,(anonymous_4)
FN:32,(anonymous_5)
FN:75,(anonymous_6)
FN:84,(anonymous_7)
FN:88,(anonymous_8)
FN:139,(anonymous_9)
FN:153,(anonymous_10)
FN:170,(anonymous_11)
FNF:8
FNH:0
FNDA:0,(anonymous_4)
FNDA:0,(anonymous_5)
FNDA:0,(anonymous_6)
FNDA:0,(anonymous_7)
FNDA:0,(anonymous_8)
FNDA:0,(anonymous_9)
FNDA:0,(anonymous_10)
FNDA:0,(anonymous_11)
DA:1,1
DA:2,1
DA:3,1
DA:4,1
DA:5,1
DA:6,1
DA:7,1
DA:8,1
DA:9,1
DA:10,1
DA:13,1
DA:14,0
DA:15,0
DA:19,0
DA:21,0
DA:23,0
DA:25,0
DA:26,0
DA:27,0
DA:29,0
DA:33,0
DA:42,0
DA:52,0
DA:62,0
DA:63,0
DA:70,0
DA:71,0
DA:72,0
DA:75,0
DA:83,0
DA:84,0
DA:87,0
DA:88,0
DA:91,0
DA:95,0
DA:96,0
DA:97,0
DA:98,0
DA:99,0
DA:100,0
DA:102,0
DA:105,0
DA:106,0
DA:107,0
DA:108,0
DA:110,0
DA:115,0
DA:120,0
DA:122,0
DA:140,0
DA:153,1
DA:154,0
DA:155,0
DA:156,0
DA:157,0
DA:158,0
DA:159,0
DA:164,0
DA:166,0
DA:171,0
DA:172,0
DA:173,0
DA:183,0
DA:191,0
DA:193,0
LF:65
LH:12
BRDA:80,0,0,0
BRDA:80,0,1,0
BRDA:96,1,0,0
BRDA:120,2,0,0
BRDA:120,2,1,0
BRDA:140,3,0,0
BRDA:140,3,1,0
BRF:7
BRH:0
end_of_record
TN:
SF:src\assets\assets.controller.ts
FN:24,(anonymous_4)
FN:32,(anonymous_5)
FN:44,(anonymous_6)
FN:50,(anonymous_7)
FN:59,(anonymous_8)
FN:68,(anonymous_9)
FN:81,(anonymous_10)
FNF:7
FNH:7
FNDA:7,(anonymous_4)
FNDA:1,(anonymous_5)
FNDA:1,(anonymous_6)
FNDA:1,(anonymous_7)
FNDA:1,(anonymous_8)
FNDA:1,(anonymous_9)
FNDA:1,(anonymous_10)
DA:1,1
DA:13,1
DA:14,1
DA:15,1
DA:16,1
DA:17,1
DA:18,1
DA:19,1
DA:23,1
DA:24,7
DA:32,1
DA:37,1
DA:44,1
DA:45,1
DA:50,1
DA:51,1
DA:59,1
DA:60,1
DA:68,1
DA:73,1
DA:81,1
DA:82,1
LF:22
LH:22
BRF:0
BRH:0
end_of_record
TN:
SF:src\assets\assets.module.ts
FNF:0
FNH:0
DA:1,0
DA:2,0
DA:3,0
DA:4,0
DA:5,0
DA:6,0
DA:14,0
LF:7
LH:0
BRF:0
BRH:0
end_of_record
TN:
SF:src\assets\assets.service.ts
FN:11,(anonymous_4)
FN:17,(anonymous_5)
FN:43,(anonymous_6)
FN:54,(anonymous_7)
FN:62,(anonymous_8)
FN:76,(anonymous_9)
FN:84,(anonymous_10)
FNF:7
FNH:0
FNDA:0,(anonymous_4)
FNDA:0,(anonymous_5)
FNDA:0,(anonymous_6)
FNDA:0,(anonymous_7)
FNDA:0,(anonymous_8)
FNDA:0,(anonymous_9)
FNDA:0,(anonymous_10)
DA:1,1
DA:2,1
DA:3,1
DA:4,1
DA:7,1
DA:10,1
DA:13,0
DA:14,0
DA:18,0
DA:19,0
DA:20,0
DA:22,0
DA:23,0
DA:26,0
DA:27,0
DA:28,0
DA:37,0
DA:44,0
DA:48,0
DA:49,0
DA:51,0
DA:55,0
DA:56,0
DA:58,0
DA:59,0
DA:63,0
DA:64,0
DA:65,0
DA:66,0
DA:68,0
DA:69,0
DA:72,0
DA:73,0
DA:77,0
DA:78,0
DA:79,0
DA:81,0
DA:85,0
DA:86,0
LF:39
LH:6
BRDA:19,0,0,0
BRDA:22,1,0,0
BRDA:26,2,0,0
BRDA:48,3,0,0
BRDA:55,4,0,0
BRDA:55,5,0,0
BRDA:55,5,1,0
BRDA:64,6,0,0
BRDA:65,7,0,0
BRDA:68,8,0,0
BRDA:68,9,0,0
BRDA:68,9,1,0
BRDA:78,10,0,0
BRDA:78,11,0,0
BRDA:78,11,1,0
BRF:15
BRH:0
end_of_record
TN:
SF:src\assets\dto\create-asset.dto.ts
FNF:0
FNH:0
DA:1,1
DA:2,1
DA:4,1
DA:8,1
DA:13,1
DA:18,1
DA:23,1
DA:28,1
DA:33,1
DA:38,1
DA:44,1
DA:49,1
LF:12
LH:12
BRF:0
BRH:0
end_of_record
TN:
SF:src\assets\dto\update-asset.dto.ts
FNF:0
FNH:0
DA:1,1
DA:2,1
DA:4,1
DA:8,1
DA:13,1
DA:18,1
DA:23,1
DA:28,1
DA:33,1
DA:38,1
DA:44,1
DA:49,1
LF:12
LH:12
BRF:0
BRH:0
end_of_record
TN:
SF:src\auth\auth.controller.ts
FN:11,(anonymous_4)
FN:17,(anonymous_5)
FN:25,(anonymous_6)
FN:35,(anonymous_7)
FNF:4
FNH:4
FNDA:4,(anonymous_4)
FNDA:1,(anonymous_5)
FNDA:1,(anonymous_6)
FNDA:1,(anonymous_7)
DA:1,1
DA:2,1
DA:3,1
DA:4,1
DA:5,1
DA:6,1
DA:10,1
DA:11,4
DA:17,1
DA:18,1
DA:25,1
DA:26,1
DA:35,1
DA:36,1
DA:37,1
DA:38,1
LF:16
LH:16
BRF:0
BRH:0
end_of_record
TN:
SF:src\auth\auth.module.ts
FN:19,(anonymous_1)
FNF:1
FNH:0
FNDA:0,(anonymous_1)
DA:1,0
DA:2,0
DA:3,0
DA:4,0
DA:5,0
DA:6,0
DA:7,0
DA:8,0
DA:9,0
DA:10,0
DA:19,0
DA:29,0
LF:12
LH:0
BRF:0
BRH:0
end_of_record
TN:
SF:src\auth\auth.service.ts
FN:12,(anonymous_4)
FN:18,(anonymous_5)
FN:30,(anonymous_6)
FN:57,(anonymous_7)
FN:77,(anonymous_8)
FNF:5
FNH:0
FNDA:0,(anonymous_4)
FNDA:0,(anonymous_5)
FNDA:0,(anonymous_6)
FNDA:0,(anonymous_7)
FNDA:0,(anonymous_8)
DA:1,1
DA:2,1
DA:3,1
DA:4,1
DA:5,1
DA:6,1
DA:11,1
DA:14,0
DA:15,0
DA:19,0
DA:23,0
DA:24,0
DA:25,0
DA:27,0
DA:31,0
DA:32,0
DA:33,0
DA:36,0
DA:44,0
DA:58,0
DA:59,0
DA:60,0
DA:63,0
DA:72,0
DA:73,0
DA:74,0
DA:78,0
LF:27
LH:7
BRDA:23,0,0,0
BRDA:23,1,0,0
BRDA:23,1,1,0
BRDA:32,2,0,0
BRDA:59,3,0,0
BRDA:66,4,0,0
BRDA:66,4,1,0
BRF:7
BRH:0
end_of_record
TN:
SF:src\auth\hash.util.ts
FN:3,hashPassword
FN:7,comparePassword
FNF:2
FNH:0
FNDA:0,hashPassword
FNDA:0,comparePassword
DA:1,1
DA:3,1
DA:4,0
DA:7,1
DA:8,0
LF:5
LH:3
BRF:0
BRH:0
end_of_record
TN:
SF:src\auth\jwt-auth.guard.ts
FNF:0
FNH:0
DA:1,7
DA:2,7
DA:5,7
LF:3
LH:3
BRF:0
BRH:0
end_of_record
TN:
SF:src\auth\jwt.strategy.ts
FN:16,(anonymous_2)
FN:24,(anonymous_3)
FNF:2
FNH:0
FNDA:0,(anonymous_2)
FNDA:0,(anonymous_3)
DA:1,0
DA:2,0
DA:3,0
DA:4,0
DA:15,0
DA:17,0
DA:25,0
DA:26,0
DA:28,0
LF:9
LH:0
BRDA:25,0,0,0
BRF:1
BRH:0
end_of_record
TN:
SF:src\auth\roles.decorator.ts
FN:4,(anonymous_0)
FNF:1
FNH:1
FNDA:9,(anonymous_0)
DA:1,4
DA:3,4
DA:4,9
LF:3
LH:3
BRF:0
BRH:0
end_of_record
TN:
SF:src\auth\roles.guard.ts
FN:7,(anonymous_2)
FN:9,(anonymous_3)
FNF:2
FNH:1
FNDA:24,(anonymous_2)
FNDA:0,(anonymous_3)
DA:1,4
DA:2,4
DA:3,4
DA:6,4
DA:7,24
DA:10,0
DA:14,0
DA:15,0
DA:17,0
DA:18,0
DA:19,0
DA:21,0
LF:12
LH:5
BRDA:14,0,0,0
BRDA:18,1,0,0
BRF:2
BRH:0
end_of_record
TN:
SF:src\auth\dto\login.dto.ts
FNF:0
FNH:0
DA:1,1
DA:2,1
DA:4,1
DA:8,1
DA:13,1
LF:5
LH:5
BRF:0
BRH:0
end_of_record
TN:
SF:src\auth\dto\register.dto.ts
FNF:0
FNH:0
DA:1,1
DA:2,1
DA:4,1
DA:8,1
DA:13,1
DA:18,1
DA:23,1
DA:28,1
LF:8
LH:8
BRF:0
BRH:0
end_of_record
TN:
SF:src\bookings\bookings.controller.ts
FN:25,(anonymous_4)
FN:29,(anonymous_5)
FN:35,(anonymous_6)
FN:41,(anonymous_7)
FN:49,(anonymous_8)
FN:60,(anonymous_9)
FN:72,(anonymous_10)
FNF:7
FNH:7
FNDA:7,(anonymous_4)
FNDA:1,(anonymous_5)
FNDA:1,(anonymous_6)
FNDA:1,(anonymous_7)
FNDA:1,(anonymous_8)
FNDA:1,(anonymous_9)
FNDA:1,(anonymous_10)
DA:1,1
DA:11,1
DA:12,1
DA:13,1
DA:14,1
DA:15,1
DA:16,1
DA:17,1
DA:18,1
DA:24,1
DA:25,7
DA:29,1
DA:30,1
DA:35,1
DA:36,1
DA:41,1
DA:42,1
DA:49,1
DA:55,1
DA:60,1
DA:65,1
DA:72,1
DA:77,1
LF:23
LH:23
BRF:0
BRH:0
end_of_record
TN:
SF:src\bookings\bookings.module.ts
FNF:0
FNH:0
DA:1,0
DA:2,0
DA:3,0
DA:4,0
DA:5,0
DA:6,0
DA:7,0
DA:8,0
DA:20,0
LF:9
LH:0
BRF:0
BRH:0
end_of_record
TN:
SF:src\bookings\bookings.service.ts
FN:20,(anonymous_4)
FN:30,(anonymous_5)
FN:51,(anonymous_6)
FN:71,(anonymous_7)
FN:153,(anonymous_8)
FN:187,(anonymous_9)
FN:221,(anonymous_10)
FNF:7
FNH:0
FNDA:0,(anonymous_4)
FNDA:0,(anonymous_5)
FNDA:0,(anonymous_6)
FNDA:0,(anonymous_7)
FNDA:0,(anonymous_8)
FNDA:0,(anonymous_9)
FNDA:0,(anonymous_10)
DA:1,1
DA:8,1
DA:9,1
DA:10,1
DA:11,1
DA:15,1
DA:16,1
DA:19,1
DA:22,0
DA:24,0
DA:25,0
DA:26,0
DA:27,0
DA:31,0
DA:32,0
DA:37,0
DA:38,0
DA:44,0
DA:52,0
DA:57,0
DA:58,0
DA:61,0
DA:62,0
DA:64,0
DA:65,0
DA:68,0
DA:72,0
DA:73,0
DA:74,0
DA:76,0
DA:77,0
DA:79,0
DA:80,0
DA:83,0
DA:84,0
DA:85,0
DA:87,0
DA:88,0
DA:93,0
DA:94,0
DA:96,0
DA:97,0
DA:99,0
DA:100,0
DA:103,0
DA:104,0
DA:105,0
DA:110,0
DA:118,0
DA:119,0
DA:122,0
DA:123,0
DA:125,0
DA:133,0
DA:134,0
DA:136,0
DA:137,0
DA:144,0
DA:146,0
DA:147,0
DA:149,0
DA:154,0
DA:155,0
DA:158,0
DA:163,0
DA:164,0
DA:167,0
DA:168,0
DA:171,0
DA:172,0
DA:173,0
DA:175,0
DA:177,0
DA:184,0
DA:188,0
DA:193,0
DA:194,0
DA:197,0
DA:198,0
DA:201,0
DA:202,0
DA:205,0
DA:211,0
DA:222,0
DA:227,0
DA:228,0
DA:231,0
DA:232,0
DA:235,0
DA:236,0
DA:238,0
DA:239,0
DA:240,0
DA:241,0
DA:242,0
DA:243,0
DA:246,0
DA:248,0
DA:249,0
DA:250,0
DA:252,0
DA:259,0
LF:102
LH:8
BRDA:31,0,0,0
BRDA:37,1,0,0
BRDA:57,2,0,0
BRDA:61,3,0,0
BRDA:61,4,0,0
BRDA:61,4,1,0
BRDA:64,5,0,0
BRDA:64,6,0,0
BRDA:64,6,1,0
BRDA:76,7,0,0
BRDA:79,8,0,0
BRDA:93,9,0,0
BRDA:96,10,0,0
BRDA:99,11,0,0
BRDA:104,12,0,0
BRDA:118,13,0,0
BRDA:123,14,0,0
BRDA:123,14,1,0
BRDA:136,15,0,0
BRDA:154,16,0,0
BRDA:163,17,0,0
BRDA:167,18,0,0
BRDA:167,19,0,0
BRDA:167,19,1,0
BRDA:193,20,0,0
BRDA:197,21,0,0
BRDA:197,22,0,0
BRDA:197,22,1,0
BRDA:201,23,0,0
BRDA:227,24,0,0
BRDA:231,25,0,0
BRDA:231,26,0,0
BRDA:231,26,1,0
BRDA:238,27,0,0
BRDA:238,27,1,0
BRDA:240,28,0,0
BRDA:240,28,1,0
BRDA:242,29,0,0
BRF:38
BRH:0
end_of_record
TN:
SF:src\bookings\dto\create-booking.dto.ts
FNF:0
FNH:0
DA:1,1
DA:2,1
DA:4,1
DA:8,1
DA:13,1
DA:18,1
LF:6
LH:6
BRF:0
BRH:0
end_of_record
TN:
SF:src\bookings\dto\inspect-booking.dto.ts
FNF:0
FNH:0
DA:1,1
DA:2,1
DA:4,1
DA:8,1
DA:13,1
DA:18,1
LF:6
LH:6
BRF:0
BRH:0
end_of_record
TN:
SF:src\bookings\dto\return-booking.dto.ts
FNF:0
FNH:0
DA:1,1
DA:2,1
DA:4,1
DA:8,1
DA:13,1
LF:5
LH:5
BRF:0
BRH:0
end_of_record
TN:
SF:src\database\data-source.ts
FNF:0
FNH:0
DA:1,0
DA:2,0
DA:3,0
DA:4,0
DA:5,0
DA:6,0
DA:7,0
DA:8,0
DA:9,0
DA:10,0
DA:11,0
DA:13,0
DA:17,0
DA:19,0
DA:40,0
LF:15
LH:0
BRDA:17,0,0,0
BRDA:17,0,1,0
BRDA:21,1,0,0
BRDA:21,1,1,0
BRDA:22,2,0,0
BRDA:22,2,1,0
BRDA:23,3,0,0
BRDA:23,3,1,0
BRDA:25,4,0,0
BRDA:25,4,1,0
BRF:10
BRH:0
end_of_record
TN:
SF:src\database\seed.service.ts
FN:11,(anonymous_4)
FN:20,(anonymous_5)
FNF:2
FNH:0
FNDA:0,(anonymous_4)
FNDA:0,(anonymous_5)
DA:1,0
DA:2,0
DA:3,0
DA:4,0
DA:5,0
DA:6,0
DA:7,0
DA:10,0
DA:13,0
DA:15,0
DA:17,0
DA:21,0
DA:22,0
DA:23,0
DA:24,0
DA:27,0
DA:29,0
DA:40,0
DA:41,0
DA:42,0
DA:43,0
DA:46,0
DA:105,0
DA:106,0
DA:107,0
DA:115,0
DA:118,0
DA:187,0
DA:188,0
DA:189,0
DA:200,0
DA:202,0
LF:32
LH:0
BRDA:22,0,0,0
BRDA:111,1,0,0
BRDA:111,1,1,0
BRDA:193,2,0,0
BRDA:193,2,1,0
BRF:5
BRH:0
end_of_record
TN:
SF:src\database\entities\asset.entity.ts
FN:25,(anonymous_2)
FN:25,(anonymous_3)
FN:50,(anonymous_4)
FN:50,(anonymous_5)
FNF:4
FNH:0
FNDA:0,(anonymous_2)
FNDA:0,(anonymous_3)
FNDA:0,(anonymous_4)
FNDA:0,(anonymous_5)
DA:1,7
DA:2,7
DA:3,7
DA:6,7
DA:8,7
DA:11,7
DA:14,7
DA:20,7
DA:23,7
DA:25,0
DA:27,7
DA:33,7
DA:39,7
DA:42,7
DA:45,7
DA:48,7
DA:50,0
DA:51,7
LF:18
LH:16
BRF:0
BRH:0
end_of_record
TN:
SF:src\database\entities\booking.entity.ts
FN:13,(anonymous_2)
FN:13,(anonymous_3)
FN:20,(anonymous_4)
FN:42,(anonymous_5)
FNF:4
FNH:0
FNDA:0,(anonymous_2)
FNDA:0,(anonymous_3)
FNDA:0,(anonymous_4)
FNDA:0,(anonymous_5)
DA:1,7
DA:2,7
DA:3,7
DA:6,7
DA:8,7
DA:11,7
DA:13,0
DA:15,7
DA:18,7
DA:20,0
DA:22,7
DA:25,7
DA:28,7
DA:34,7
DA:37,7
DA:40,7
DA:42,0
DA:43,7
LF:18
LH:15
BRF:0
BRH:0
end_of_record
TN:
SF:src\database\entities\department.entity.ts
FN:16,(anonymous_2)
FN:16,(anonymous_3)
FN:19,(anonymous_4)
FN:19,(anonymous_5)
FNF:4
FNH:0
FNDA:0,(anonymous_2)
FNDA:0,(anonymous_3)
FNDA:0,(anonymous_4)
FNDA:0,(anonymous_5)
DA:1,7
DA:2,7
DA:3,7
DA:6,7
DA:8,7
DA:11,7
DA:14,7
DA:16,0
DA:17,7
DA:19,0
DA:20,7
LF:11
LH:9
BRF:0
BRH:0
end_of_record
TN:
SF:src\database\entities\lost-found-item.entity.ts
FN:18,(anonymous_2)
FN:46,(anonymous_3)
FNF:2
FNH:0
FNDA:0,(anonymous_2)
FNDA:0,(anonymous_3)
DA:1,1
DA:2,1
DA:5,1
DA:7,1
DA:13,1
DA:16,1
DA:18,0
DA:20,1
DA:23,1
DA:26,1
DA:29,1
DA:32,1
DA:38,1
DA:41,1
DA:44,1
DA:46,0
DA:47,1
LF:17
LH:15
BRF:0
BRH:0
end_of_record
TN:
SF:src\database\entities\peer-listing.entity.ts
FN:13,(anonymous_2)
FN:41,(anonymous_3)
FN:41,(anonymous_4)
FNF:3
FNH:0
FNDA:0,(anonymous_2)
FNDA:0,(anonymous_3)
FNDA:0,(anonymous_4)
DA:1,2
DA:2,2
DA:3,2
DA:6,2
DA:8,2
DA:11,2
DA:13,0
DA:15,2
DA:18,2
DA:21,2
DA:24,2
DA:27,2
DA:33,2
DA:39,2
DA:41,0
DA:42,2
LF:16
LH:14
BRF:0
BRH:0
end_of_record
TN:
SF:src\database\entities\peer-loan.entity.ts
FN:13,(anonymous_2)
FN:13,(anonymous_3)
FN:20,(anonymous_4)
FN:48,(anonymous_5)
FNF:4
FNH:0
FNDA:0,(anonymous_2)
FNDA:0,(anonymous_3)
FNDA:0,(anonymous_4)
FNDA:0,(anonymous_5)
DA:1,2
DA:2,2
DA:3,2
DA:6,2
DA:8,2
DA:11,2
DA:13,0
DA:15,2
DA:18,2
DA:20,0
DA:22,2
DA:25,2
DA:28,2
DA:34,2
DA:37,2
DA:40,2
DA:43,2
DA:46,2
DA:48,0
DA:49,2
LF:20
LH:17
BRF:0
BRH:0
end_of_record
TN:
SF:src\database\entities\study-group-interest.entity.ts
FN:12,(anonymous_2)
FNF:1
FNH:0
FNDA:0,(anonymous_2)
DA:1,1
DA:2,1
DA:5,1
DA:7,1
DA:10,1
DA:12,0
DA:14,1
DA:17,1
DA:20,1
DA:23,1
DA:29,1
DA:32,1
LF:12
LH:11
BRF:0
BRH:0
end_of_record
TN:
SF:src\database\entities\user.entity.ts
FN:24,(anonymous_2)
FN:24,(anonymous_3)
FNF:2
FNH:0
FNDA:0,(anonymous_2)
FNDA:0,(anonymous_3)
DA:1,7
DA:2,7
DA:5,7
DA:7,7
DA:10,7
DA:13,7
DA:19,7
DA:22,7
DA:24,0
DA:26,7
DA:29,7
DA:32,7
LF:12
LH:11
BRF:0
BRH:0
end_of_record
TN:
SF:src\database\migrations\1720000000000-InitSchema.ts
FN:3,(anonymous_0)
FN:6,(anonymous_1)
FN:148,(anonymous_2)
FNF:3
FNH:0
FNDA:0,(anonymous_0)
FNDA:0,(anonymous_1)
FNDA:0,(anonymous_2)
DA:1,0
DA:3,0
DA:4,0
DA:7,0
DA:9,0
DA:18,0
DA:31,0
DA:38,0
DA:53,0
DA:60,0
DA:76,0
DA:77,0
DA:79,0
DA:92,0
DA:94,0
DA:111,0
DA:112,0
DA:114,0
DA:130,0
DA:132,0
DA:145,0
DA:149,0
DA:150,0
DA:151,0
DA:152,0
DA:153,0
DA:154,0
DA:155,0
DA:156,0
LF:29
LH:0
BRF:0
BRH:0
end_of_record
TN:
SF:src\lost-found\lost-found.controller.ts
FN:24,(anonymous_4)
FN:29,(anonymous_5)
FN:37,(anonymous_6)
FN:43,(anonymous_7)
FN:49,(anonymous_8)
FN:57,(anonymous_9)
FN:69,(anonymous_10)
FNF:7
FNH:7
FNDA:7,(anonymous_4)
FNDA:1,(anonymous_5)
FNDA:1,(anonymous_6)
FNDA:1,(anonymous_7)
FNDA:1,(anonymous_8)
FNDA:1,(anonymous_9)
FNDA:1,(anonymous_10)
DA:1,1
DA:12,1
DA:13,1
DA:14,1
DA:15,1
DA:16,1
DA:17,1
DA:23,1
DA:24,7
DA:29,1
DA:30,1
DA:37,1
DA:38,1
DA:43,1
DA:44,1
DA:49,1
DA:50,1
DA:57,1
DA:62,1
DA:69,1
DA:74,1
LF:21
LH:21
BRF:0
BRH:0
end_of_record
TN:
SF:src\lost-found\lost-found.module.ts
FNF:0
FNH:0
DA:1,0
DA:2,0
DA:3,0
DA:4,0
DA:5,0
DA:6,0
DA:17,0
LF:7
LH:0
BRF:0
BRH:0
end_of_record
TN:
SF:src\lost-found\lost-found.service.ts
FN:11,(anonymous_4)
FN:17,(anonymous_5)
FN:29,(anonymous_6)
FN:40,(anonymous_7)
FN:57,(anonymous_8)
FN:66,(anonymous_9)
FN:84,(anonymous_10)
FN:90,(anonymous_11)
FN:92,(anonymous_12)
FN:126,(anonymous_13)
FN:129,(anonymous_14)
FN:155,(anonymous_15)
FNF:12
FNH:0
FNDA:0,(anonymous_4)
FNDA:0,(anonymous_5)
FNDA:0,(anonymous_6)
FNDA:0,(anonymous_7)
FNDA:0,(anonymous_8)
FNDA:0,(anonymous_9)
FNDA:0,(anonymous_10)
FNDA:0,(anonymous_11)
FNDA:0,(anonymous_12)
FNDA:0,(anonymous_13)
FNDA:0,(anonymous_14)
FNDA:0,(anonymous_15)
DA:1,1
DA:2,1
DA:3,1
DA:4,1
DA:6,1
DA:7,1
DA:10,1
DA:13,0
DA:14,0
DA:18,0
DA:19,0
DA:20,0
DA:22,0
DA:30,0
DA:34,0
DA:35,0
DA:37,0
DA:41,0
DA:46,0
DA:48,0
DA:54,0
DA:58,0
DA:59,0
DA:60,0
DA:62,0
DA:63,0
DA:67,0
DA:72,0
DA:77,0
DA:78,0
DA:80,0
DA:81,0
DA:84,0
DA:86,0
DA:87,0
DA:90,0
DA:92,0
DA:94,0
DA:95,0
DA:96,0
DA:97,0
DA:98,0
DA:99,0
DA:100,0
DA:101,0
DA:105,0
DA:106,0
DA:107,0
DA:109,0
DA:110,0
DA:112,0
DA:114,0
DA:115,0
DA:126,0
DA:130,0
DA:131,0
DA:134,0
DA:135,0
DA:137,0
DA:138,0
DA:139,0
DA:140,0
DA:142,0
DA:143,0
DA:145,0
DA:151,0
DA:155,1
DA:156,0
DA:157,0
DA:158,0
DA:160,0
DA:168,0
DA:169,0
DA:170,0
DA:172,0
DA:174,0
LF:76
LH:8
BRDA:19,0,0,0
BRDA:34,1,0,0
BRDA:59,2,0,0
BRDA:59,3,0,0
BRDA:59,3,1,0
BRDA:84,4,0,0
BRDA:84,4,1,0
BRDA:90,5,0,0
BRDA:90,5,1,0
BRDA:99,6,0,0
BRDA:99,7,0,0
BRDA:99,7,1,0
BRDA:105,8,0,0
BRDA:109,9,0,0
BRDA:114,10,0,0
BRDA:119,11,0,0
BRDA:119,11,1,0
BRDA:130,12,0,0
BRDA:130,13,0,0
BRDA:130,13,1,0
BRDA:169,14,0,0
BRDA:169,14,1,0
BRDA:169,15,0,0
BRDA:169,15,1,0
BRF:24
BRH:0
end_of_record
TN:
SF:src\lost-found\dto\report-item.dto.ts
FNF:0
FNH:0
DA:1,1
DA:2,1
DA:4,1
DA:8,1
DA:13,1
DA:18,1
DA:23,1
DA:28,1
LF:8
LH:8
BRF:0
BRH:0
end_of_record
TN:
SF:src\notifications\notifications.gateway.ts
FN:19,(anonymous_4)
FN:26,(anonymous_5)
FN:30,(anonymous_6)
FN:41,(anonymous_7)
FN:63,(anonymous_8)
FN:68,(anonymous_9)
FN:73,(anonymous_10)
FNF:7
FNH:0
FNDA:0,(anonymous_4)
FNDA:0,(anonymous_5)
FNDA:0,(anonymous_6)
FNDA:0,(anonymous_7)
FNDA:0,(anonymous_8)
FNDA:0,(anonymous_9)
FNDA:0,(anonymous_10)
DA:1,4
DA:10,4
DA:11,4
DA:19,4
DA:21,4
DA:23,0
DA:24,0
DA:27,0
DA:31,0
DA:32,0
DA:33,0
DA:34,0
DA:36,0
DA:41,4
DA:45,0
DA:47,0
DA:49,0
DA:50,0
DA:52,0
DA:53,0
DA:55,0
DA:56,0
DA:57,0
DA:60,0
DA:64,0
DA:65,0
DA:69,0
DA:70,0
DA:74,0
DA:75,0
LF:30
LH:6
BRDA:32,0,0,0
BRDA:32,0,1,0
BRDA:45,1,0,0
BRDA:45,2,0,0
BRDA:45,2,1,0
BRDA:55,3,0,0
BRF:6
BRH:0
end_of_record
TN:
SF:src\notifications\notifications.module.ts
FNF:0
FNH:0
DA:1,0
DA:2,0
DA:8,0
LF:3
LH:0
BRF:0
BRH:0
end_of_record
TN:
SF:src\peer-lending\peer-lending.controller.ts
FN:24,(anonymous_4)
FN:28,(anonymous_5)
FN:34,(anonymous_6)
FN:40,(anonymous_7)
FN:46,(anonymous_8)
FN:52,(anonymous_9)
FN:58,(anonymous_10)
FN:64,(anonymous_11)
FN:70,(anonymous_12)
FN:80,(anonymous_13)
FN:86,(anonymous_14)
FNF:11
FNH:11
FNDA:11,(anonymous_4)
FNDA:1,(anonymous_5)
FNDA:1,(anonymous_6)
FNDA:1,(anonymous_7)
FNDA:1,(anonymous_8)
FNDA:1,(anonymous_9)
FNDA:1,(anonymous_10)
FNDA:1,(anonymous_11)
FNDA:1,(anonymous_12)
FNDA:1,(anonymous_13)
FNDA:1,(anonymous_14)
DA:1,1
DA:12,1
DA:13,1
DA:14,1
DA:15,1
DA:16,1
DA:17,1
DA:23,1
DA:24,11
DA:28,1
DA:29,1
DA:34,1
DA:35,1
DA:40,1
DA:41,1
DA:46,1
DA:47,1
DA:52,1
DA:53,1
DA:58,1
DA:59,1
DA:64,1
DA:65,1
DA:70,1
DA:75,1
DA:80,1
DA:81,1
DA:86,1
DA:91,1
LF:29
LH:29
BRF:0
BRH:0
end_of_record
TN:
SF:src\peer-lending\peer-lending.module.ts
FNF:0
FNH:0
DA:1,0
DA:2,0
DA:3,0
DA:4,0
DA:5,0
DA:6,0
DA:7,0
DA:8,0
DA:19,0
LF:9
LH:0
BRF:0
BRH:0
end_of_record
TN:
SF:src\peer-lending\peer-lending.service.ts
FN:15,(anonymous_4)
FN:25,(anonymous_5)
FN:32,(anonymous_6)
FN:39,(anonymous_7)
FN:50,(anonymous_8)
FN:66,(anonymous_9)
FN:74,(anonymous_10)
FN:85,(anonymous_11)
FN:120,(anonymous_12)
FN:158,(anonymous_13)
FN:188,(anonymous_14)
FN:228,(anonymous_15)
FN:255,(anonymous_16)
FN:261,(anonymous_17)
FNF:14
FNH:0
FNDA:0,(anonymous_4)
FNDA:0,(anonymous_5)
FNDA:0,(anonymous_6)
FNDA:0,(anonymous_7)
FNDA:0,(anonymous_8)
FNDA:0,(anonymous_9)
FNDA:0,(anonymous_10)
FNDA:0,(anonymous_11)
FNDA:0,(anonymous_12)
FNDA:0,(anonymous_13)
FNDA:0,(anonymous_14)
FNDA:0,(anonymous_15)
FNDA:0,(anonymous_16)
FNDA:0,(anonymous_17)
DA:1,1
DA:2,1
DA:3,1
DA:4,1
DA:5,1
DA:6,1
DA:10,1
DA:11,1
DA:14,1
DA:17,0
DA:19,0
DA:21,0
DA:22,0
DA:26,0
DA:33,0
DA:40,0
DA:44,0
DA:45,0
DA:47,0
DA:51,0
DA:52,0
DA:53,0
DA:58,0
DA:63,0
DA:67,0
DA:68,0
DA:69,0
DA:71,0
DA:75,0
DA:86,0
DA:87,0
DA:88,0
DA:93,0
DA:94,0
DA:95,0
DA:97,0
DA:98,0
DA:101,0
DA:109,0
DA:111,0
DA:117,0
DA:121,0
DA:126,0
DA:127,0
DA:130,0
DA:131,0
DA:134,0
DA:135,0
DA:138,0
DA:139,0
DA:140,0
DA:141,0
DA:142,0
DA:144,0
DA:147,0
DA:149,0
DA:155,0
DA:159,0
DA:164,0
DA:165,0
DA:168,0
DA:169,0
DA:172,0
DA:173,0
DA:175,0
DA:176,0
DA:177,0
DA:179,0
DA:180,0
DA:185,0
DA:189,0
DA:194,0
DA:195,0
DA:198,0
DA:199,0
DA:202,0
DA:204,0
DA:205,0
DA:206,0
DA:208,0
DA:209,0
DA:210,0
DA:211,0
DA:212,0
DA:213,0
DA:215,0
DA:216,0
DA:217,0
DA:219,0
DA:222,0
DA:223,0
DA:225,0
DA:229,0
DA:234,0
DA:240,0
DA:242,0
DA:243,0
DA:244,0
DA:248,0
DA:249,0
DA:250,0
DA:254,0
DA:255,0
DA:256,0
DA:261,1
DA:262,0
DA:263,0
DA:265,0
DA:273,0
DA:274,0
DA:275,0
DA:277,0
DA:282,0
LF:113
LH:10
BRDA:44,0,0,0
BRDA:52,1,0,0
BRDA:52,2,0,0
BRDA:52,2,1,0
BRDA:68,3,0,0
BRDA:68,4,0,0
BRDA:68,4,1,0
BRDA:87,5,0,0
BRDA:87,6,0,0
BRDA:87,6,1,0
BRDA:94,7,0,0
BRDA:97,8,0,0
BRDA:126,9,0,0
BRDA:130,10,0,0
BRDA:134,11,0,0
BRDA:138,12,0,0
BRDA:138,12,1,0
BRDA:164,13,0,0
BRDA:168,14,0,0
BRDA:168,15,0,0
BRDA:168,15,1,0
BRDA:179,16,0,0
BRDA:179,16,1,0
BRDA:194,17,0,0
BRDA:198,18,0,0
BRDA:198,19,0,0
BRDA:198,19,1,0
BRDA:204,20,0,0
BRDA:204,20,1,0
BRDA:205,21,0,0
BRDA:211,22,0,0
BRDA:211,22,1,0
BRDA:212,23,0,0
BRDA:243,24,0,0
BRDA:243,25,0,0
BRDA:243,25,1,0
BRDA:249,26,0,0
BRDA:249,27,0,0
BRDA:249,27,1,0
BRDA:254,28,0,0
BRF:40
BRH:0
end_of_record
TN:
SF:src\peer-lending\dto\create-listing.dto.ts
FNF:0
FNH:0
DA:1,1
DA:2,1
DA:4,1
DA:8,1
DA:13,1
DA:18,1
DA:23,1
DA:28,1
LF:8
LH:8
BRF:0
BRH:0
end_of_record
TN:
SF:src\peer-lending\dto\create-loan-request.dto.ts
FNF:0
FNH:0
DA:1,1
DA:2,1
DA:4,1
DA:8,1
DA:13,1
DA:18,1
LF:6
LH:6
BRF:0
BRH:0
end_of_record
TN:
SF:src\peer-lending\dto\rate-loan.dto.ts
FNF:0
FNH:0
DA:1,1
DA:2,1
DA:4,1
DA:10,1
DA:15,1
LF:5
LH:5
BRF:0
BRH:0
end_of_record
TN:
SF:src\study-groups\study-groups.controller.ts
FN:20,(anonymous_4)
FN:24,(anonymous_5)
FN:30,(anonymous_6)
FN:36,(anonymous_7)
FN:42,(anonymous_8)
FN:52,(anonymous_9)
FNF:6
FNH:6
FNDA:6,(anonymous_4)
FNDA:1,(anonymous_5)
FNDA:1,(anonymous_6)
FNDA:1,(anonymous_7)
FNDA:1,(anonymous_8)
FNDA:1,(anonymous_9)
DA:1,1
DA:10,1
DA:11,1
DA:12,1
DA:13,1
DA:19,1
DA:20,6
DA:24,1
DA:25,1
DA:30,1
DA:31,1
DA:36,1
DA:37,1
DA:42,1
DA:47,1
DA:52,1
DA:58,1
LF:17
LH:17
BRF:0
BRH:0
end_of_record
TN:
SF:src\study-groups\study-groups.module.ts
FNF:0
FNH:0
DA:1,0
DA:2,0
DA:3,0
DA:4,0
DA:5,0
DA:6,0
DA:7,0
DA:8,0
DA:9,0
DA:21,0
LF:10
LH:0
BRF:0
BRH:0
end_of_record
TN:
SF:src\study-groups\study-groups.service.ts
FN:13,(anonymous_4)
FN:24,(anonymous_5)
FN:28,(anonymous_6)
FN:51,(anonymous_7)
FN:75,(anonymous_8)
FN:86,(anonymous_9)
FN:100,(anonymous_10)
FN:111,(anonymous_11)
FN:121,(anonymous_12)
FN:121,(anonymous_13)
FN:122,(anonymous_14)
FN:145,(anonymous_15)
FN:175,(anonymous_16)
FNF:13
FNH:0
FNDA:0,(anonymous_4)
FNDA:0,(anonymous_5)
FNDA:0,(anonymous_6)
FNDA:0,(anonymous_7)
FNDA:0,(anonymous_8)
FNDA:0,(anonymous_9)
FNDA:0,(anonymous_10)
FNDA:0,(anonymous_11)
FNDA:0,(anonymous_12)
FNDA:0,(anonymous_13)
FNDA:0,(anonymous_14)
FNDA:0,(anonymous_15)
FNDA:0,(anonymous_16)
DA:1,1
DA:2,1
DA:3,1
DA:4,1
DA:5,1
DA:6,1
DA:8,1
DA:9,1
DA:12,1
DA:15,0
DA:17,0
DA:19,0
DA:20,0
DA:21,0
DA:25,0
DA:29,0
DA:33,0
DA:34,0
DA:35,0
DA:36,0
DA:37,0
DA:39,0
DA:48,0
DA:52,0
DA:56,0
DA:57,0
DA:60,0
DA:69,0
DA:71,0
DA:72,0
DA:75,0
DA:87,0
DA:88,0
DA:93,0
DA:94,0
DA:100,0
DA:111,0
DA:113,0
DA:121,0
DA:122,0
DA:124,0
DA:125,0
DA:126,0
DA:129,0
DA:130,0
DA:142,0
DA:146,0
DA:150,0
DA:154,0
DA:155,0
DA:158,0
DA:159,0
DA:160,0
DA:162,0
DA:163,0
DA:164,0
DA:166,0
DA:172,0
DA:176,0
DA:180,0
DA:184,0
DA:185,0
DA:188,0
DA:189,0
DA:190,0
DA:192,0
DA:193,0
DA:195,0
DA:196,0
DA:198,0
DA:204,0
DA:210,0
DA:211,0
DA:212,0
DA:213,0
DA:215,0
DA:216,0
DA:218,0
DA:223,0
LF:79
LH:9
BRDA:33,0,0,0
BRDA:33,0,1,0
BRDA:56,1,0,0
BRDA:71,2,0,0
BRDA:93,3,0,0
BRDA:129,4,0,0
BRDA:154,5,0,0
BRDA:154,6,0,0
BRDA:154,6,1,0
BRDA:184,7,0,0
BRDA:184,8,0,0
BRDA:184,8,1,0
BRDA:188,9,0,0
BRDA:188,9,1,0
BRF:14
BRH:0
end_of_record
TN:
SF:src\study-groups\dto\register-interest.dto.ts
FNF:0
FNH:0
DA:1,1
DA:2,1
DA:4,1
DA:8,1
DA:13,1
DA:19,1
LF:6
LH:6
BRF:0
BRH:0
end_of_record
